This file contains any messages produced by compilers while
running configure, to aid debugging if configure makes a mistake.

It was created by libtvm configure 1.0.0, which was
generated by GNU Autoconf 2.64.  Invocation command line was

  $ ../../../runtime/libtvm/configure --host=arm-elf --with-memory-allocator=tlsf --enable-custom-memory-ops CFLAGS=-g -O2 -mcpu=arm7tdmi -Os -Wextra -Wall -ffreestanding -fsigned-char -ffunction-sections -std=gnu99 -fdata-sections -fomit-frame-pointer -msoft-float -mthumb-interwork

## --------- ##
## Platform. ##
## --------- ##

hostname = ubuntu
uname -m = i686
uname -r = 2.6.31-14-generic
uname -s = Linux
uname -v = #48-Ubuntu SMP Fri Oct 16 14:04:26 UTC 2009

/usr/bin/uname -p = unknown
/bin/uname -X     = unknown

/bin/arch              = unknown
/usr/bin/arch -k       = unknown
/usr/convex/getsysinfo = unknown
/usr/bin/hostinfo      = unknown
/bin/machine           = unknown
/usr/bin/oslevel       = unknown
/bin/universe          = unknown

PATH: /usr/local/sbin
PATH: /usr/local/bin
PATH: /usr/sbin
PATH: /usr/bin
PATH: /sbin
PATH: /bin
PATH: /usr/games
PATH: /home/dan/mindstorm/scripts/install/bin/
PATH: /usr/local/kroc/bin/


## ----------- ##
## Core tests. ##
## ----------- ##

configure:2081: checking build system type
configure:2095: result: i686-pc-linux-gnu
configure:2115: checking host system type
configure:2128: result: arm-unknown-elf
configure:2148: checking target system type
configure:2161: result: arm-unknown-elf
configure:2205: checking for a BSD-compatible install
configure:2273: result: /usr/bin/install -c
configure:2284: checking whether build environment is sane
configure:2334: result: yes
configure:2383: checking for arm-elf-strip
configure:2399: found /home/dan/mindstorm/scripts/install/bin//arm-elf-strip
configure:2410: result: arm-elf-strip
configure:2475: checking for a thread-safe mkdir -p
configure:2514: result: /bin/mkdir -p
configure:2527: checking for gawk
configure:2543: found /usr/bin/gawk
configure:2554: result: gawk
configure:2565: checking whether make sets $(MAKE)
configure:2587: result: yes
configure:2676: checking for arm-elf-gcc
configure:2692: found /home/dan/mindstorm/scripts/install/bin//arm-elf-gcc
configure:2703: result: arm-elf-gcc
configure:2972: checking for C compiler version
configure:2981: arm-elf-gcc --version >&5
arm-elf-gcc (GCC) 4.4.0
Copyright (C) 2009 Free Software Foundation, Inc.
This is free software; see the source for copying conditions.  There is NO
warranty; not even for MERCHANTABILITY or FITNESS FOR A PARTICULAR PURPOSE.

configure:2992: $? = 0
configure:2981: arm-elf-gcc -v >&5
Using built-in specs.
Target: arm-elf
Configured with: /home/dan/mindstorm/scripts/src/gcc-4.4.0/configure --target=arm-elf --prefix=/home/dan/mindstorm/scripts/install --enable-interwork --enable-multilib --with-float=soft --enable-languages=c --with-newlib --with-headers=/home/dan/mindstorm/scripts/src/newlib-1.17.0/newlib/libc/include : (reconfigured) /home/dan/mindstorm/scripts/src/gcc-4.4.0/configure --target=arm-elf --prefix=/home/dan/mindstorm/scripts/install --enable-interwork --enable-multilib --with-float=soft --enable-languages=c --with-newlib --with-headers=/home/dan/mindstorm/scripts/src/newlib-1.17.0/newlib/libc/include
Thread model: single
gcc version 4.4.0 (GCC) 
configure:2992: $? = 0
configure:2981: arm-elf-gcc -V >&5
arm-elf-gcc: '-V' option must have argument
configure:2992: $? = 1
configure:2981: arm-elf-gcc -qversion >&5
arm-elf-gcc: unrecognized option '-qversion'
arm-elf-gcc: no input files
configure:2992: $? = 1
configure:3014: checking for C compiler default output file name
configure:3036: arm-elf-gcc -g -O2 -mcpu=arm7tdmi -Os -Wextra -Wall -ffreestanding -fsigned-char -ffunction-sections -std=gnu99 -fdata-sections -fomit-frame-pointer -msoft-float -mthumb-interwork   conftest.c  >&5
configure:3040: $? = 0
configure:3077: result: a.out
configure:3093: checking whether the C compiler works
configure:3102: ./a.out
../../../runtime/libtvm/configure: line 3104: ./a.out: cannot execute binary file
configure:3106: $? = 126
configure:3121: result: yes
configure:3128: checking whether we are cross compiling
configure:3130: result: yes
configure:3133: checking for suffix of executables
configure:3140: arm-elf-gcc -o conftest -g -O2 -mcpu=arm7tdmi -Os -Wextra -Wall -ffreestanding -fsigned-char -ffunction-sections -std=gnu99 -fdata-sections -fomit-frame-pointer -msoft-float -mthumb-interwork   conftest.c  >&5
configure:3144: $? = 0
configure:3166: result: 
configure:3172: checking for suffix of object files
configure:3194: arm-elf-gcc -c -g -O2 -mcpu=arm7tdmi -Os -Wextra -Wall -ffreestanding -fsigned-char -ffunction-sections -std=gnu99 -fdata-sections -fomit-frame-pointer -msoft-float -mthumb-interwork  conftest.c >&5
configure:3198: $? = 0
configure:3219: result: o
configure:3223: checking whether we are using the GNU C compiler
configure:3242: arm-elf-gcc -c -g -O2 -mcpu=arm7tdmi -Os -Wextra -Wall -ffreestanding -fsigned-char -ffunction-sections -std=gnu99 -fdata-sections -fomit-frame-pointer -msoft-float -mthumb-interwork  conftest.c >&5
configure:3242: $? = 0
configure:3251: result: yes
configure:3260: checking whether arm-elf-gcc accepts -g
configure:3280: arm-elf-gcc -c -g  conftest.c >&5
configure:3280: $? = 0
configure:3321: result: yes
configure:3338: checking for arm-elf-gcc option to accept ISO C89
configure:3402: arm-elf-gcc  -c -g -O2 -mcpu=arm7tdmi -Os -Wextra -Wall -ffreestanding -fsigned-char -ffunction-sections -std=gnu99 -fdata-sections -fomit-frame-pointer -msoft-float -mthumb-interwork  conftest.c >&5
configure:3402: $? = 0
configure:3415: result: none needed
configure:3446: checking for style of include used by make
configure:3474: result: GNU
configure:3499: checking dependency style of arm-elf-gcc
configure:3609: result: gcc3
configure:3627: checking for arm-elf-ranlib
configure:3643: found /home/dan/mindstorm/scripts/install/bin//arm-elf-ranlib
configure:3654: result: arm-elf-ranlib
configure:3718: checking for inline
configure:3734: arm-elf-gcc -c -g -O2 -mcpu=arm7tdmi -Os -Wextra -Wall -ffreestanding -fsigned-char -ffunction-sections -std=gnu99 -fdata-sections -fomit-frame-pointer -msoft-float -mthumb-interwork  conftest.c >&5
configure:3734: $? = 0
configure:3742: result: inline
configure:3766: checking how to run the C preprocessor
configure:3797: arm-elf-gcc -E  conftest.c
configure:3797: $? = 0
configure:3811: arm-elf-gcc -E  conftest.c
conftest.c:11:28: error: ac_nonexistent.h: No such file or directory
configure:3811: $? = 1
configure: failed program was:
| /* confdefs.h */
| #define PACKAGE_NAME "libtvm"
| #define PACKAGE_TARNAME "libtvm"
| #define PACKAGE_VERSION "1.0.0"
| #define PACKAGE_STRING "libtvm 1.0.0"
| #define PACKAGE_BUGREPORT "kroc-bugs@kent.ac.uk"
| #define PACKAGE_URL ""
| #define PACKAGE "libtvm"
| #define VERSION "1.0.0"
| /* end confdefs.h.  */
| #include <ac_nonexistent.h>
configure:3836: result: arm-elf-gcc -E
configure:3856: arm-elf-gcc -E  conftest.c
configure:3856: $? = 0
configure:3870: arm-elf-gcc -E  conftest.c
conftest.c:11:28: error: ac_nonexistent.h: No such file or directory
configure:3870: $? = 1
configure: failed program was:
| /* confdefs.h */
| #define PACKAGE_NAME "libtvm"
| #define PACKAGE_TARNAME "libtvm"
| #define PACKAGE_VERSION "1.0.0"
| #define PACKAGE_STRING "libtvm 1.0.0"
| #define PACKAGE_BUGREPORT "kroc-bugs@kent.ac.uk"
| #define PACKAGE_URL ""
| #define PACKAGE "libtvm"
| #define VERSION "1.0.0"
| /* end confdefs.h.  */
| #include <ac_nonexistent.h>
configure:3899: checking for grep that handles long lines and -e
configure:3957: result: /bin/grep
configure:3962: checking for egrep
configure:4024: result: /bin/grep -E
configure:4029: checking for ANSI C header files
configure:4049: arm-elf-gcc -c -g -O2 -mcpu=arm7tdmi -Os -Wextra -Wall -ffreestanding -fsigned-char -ffunction-sections -std=gnu99 -fdata-sections -fomit-frame-pointer -msoft-float -mthumb-interwork  conftest.c >&5
configure:4049: $? = 0
configure:4133: result: yes
configure:4146: checking for sys/types.h
configure:4146: arm-elf-gcc -c -g -O2 -mcpu=arm7tdmi -Os -Wextra -Wall -ffreestanding -fsigned-char -ffunction-sections -std=gnu99 -fdata-sections -fomit-frame-pointer -msoft-float -mthumb-interwork  conftest.c >&5
configure:4146: $? = 0
configure:4146: result: yes
configure:4146: checking for sys/stat.h
configure:4146: arm-elf-gcc -c -g -O2 -mcpu=arm7tdmi -Os -Wextra -Wall -ffreestanding -fsigned-char -ffunction-sections -std=gnu99 -fdata-sections -fomit-frame-pointer -msoft-float -mthumb-interwork  conftest.c >&5
configure:4146: $? = 0
configure:4146: result: yes
configure:4146: checking for stdlib.h
configure:4146: arm-elf-gcc -c -g -O2 -mcpu=arm7tdmi -Os -Wextra -Wall -ffreestanding -fsigned-char -ffunction-sections -std=gnu99 -fdata-sections -fomit-frame-pointer -msoft-float -mthumb-interwork  conftest.c >&5
configure:4146: $? = 0
configure:4146: result: yes
configure:4146: checking for string.h
configure:4146: arm-elf-gcc -c -g -O2 -mcpu=arm7tdmi -Os -Wextra -Wall -ffreestanding -fsigned-char -ffunction-sections -std=gnu99 -fdata-sections -fomit-frame-pointer -msoft-float -mthumb-interwork  conftest.c >&5
configure:4146: $? = 0
configure:4146: result: yes
configure:4146: checking for memory.h
configure:4146: arm-elf-gcc -c -g -O2 -mcpu=arm7tdmi -Os -Wextra -Wall -ffreestanding -fsigned-char -ffunction-sections -std=gnu99 -fdata-sections -fomit-frame-pointer -msoft-float -mthumb-interwork  conftest.c >&5
conftest.c:50:20: error: memory.h: No such file or directory
configure:4146: $? = 1
configure: failed program was:
| /* confdefs.h */
| #define PACKAGE_NAME "libtvm"
| #define PACKAGE_TARNAME "libtvm"
| #define PACKAGE_VERSION "1.0.0"
| #define PACKAGE_STRING "libtvm 1.0.0"
| #define PACKAGE_BUGREPORT "kroc-bugs@kent.ac.uk"
| #define PACKAGE_URL ""
| #define PACKAGE "libtvm"
| #define VERSION "1.0.0"
| #define STDC_HEADERS 1
| #define HAVE_SYS_TYPES_H 1
| #define HAVE_SYS_STAT_H 1
| #define HAVE_STDLIB_H 1
| #define HAVE_STRING_H 1
| /* end confdefs.h.  */
| #include <stdio.h>
| #ifdef HAVE_SYS_TYPES_H
| # include <sys/types.h>
| #endif
| #ifdef HAVE_SYS_STAT_H
| # include <sys/stat.h>
| #endif
| #ifdef STDC_HEADERS
| # include <stdlib.h>
| # include <stddef.h>
| #else
| # ifdef HAVE_STDLIB_H
| #  include <stdlib.h>
| # endif
| #endif
| #ifdef HAVE_STRING_H
| # if !defined STDC_HEADERS && defined HAVE_MEMORY_H
| #  include <memory.h>
| # endif
| # include <string.h>
| #endif
| #ifdef HAVE_STRINGS_H
| # include <strings.h>
| #endif
| #ifdef HAVE_INTTYPES_H
| # include <inttypes.h>
| #endif
| #ifdef HAVE_STDINT_H
| # include <stdint.h>
| #endif
| #ifdef HAVE_UNISTD_H
| # include <unistd.h>
| #endif
| 
| #include <memory.h>
configure:4146: result: no
configure:4146: checking for strings.h
configure:4146: arm-elf-gcc -c -g -O2 -mcpu=arm7tdmi -Os -Wextra -Wall -ffreestanding -fsigned-char -ffunction-sections -std=gnu99 -fdata-sections -fomit-frame-pointer -msoft-float -mthumb-interwork  conftest.c >&5
conftest.c:50:21: error: strings.h: No such file or directory
configure:4146: $? = 1
configure: failed program was:
| /* confdefs.h */
| #define PACKAGE_NAME "libtvm"
| #define PACKAGE_TARNAME "libtvm"
| #define PACKAGE_VERSION "1.0.0"
| #define PACKAGE_STRING "libtvm 1.0.0"
| #define PACKAGE_BUGREPORT "kroc-bugs@kent.ac.uk"
| #define PACKAGE_URL ""
| #define PACKAGE "libtvm"
| #define VERSION "1.0.0"
| #define STDC_HEADERS 1
| #define HAVE_SYS_TYPES_H 1
| #define HAVE_SYS_STAT_H 1
| #define HAVE_STDLIB_H 1
| #define HAVE_STRING_H 1
| /* end confdefs.h.  */
| #include <stdio.h>
| #ifdef HAVE_SYS_TYPES_H
| # include <sys/types.h>
| #endif
| #ifdef HAVE_SYS_STAT_H
| # include <sys/stat.h>
| #endif
| #ifdef STDC_HEADERS
| # include <stdlib.h>
| # include <stddef.h>
| #else
| # ifdef HAVE_STDLIB_H
| #  include <stdlib.h>
| # endif
| #endif
| #ifdef HAVE_STRING_H
| # if !defined STDC_HEADERS && defined HAVE_MEMORY_H
| #  include <memory.h>
| # endif
| # include <string.h>
| #endif
| #ifdef HAVE_STRINGS_H
| # include <strings.h>
| #endif
| #ifdef HAVE_INTTYPES_H
| # include <inttypes.h>
| #endif
| #ifdef HAVE_STDINT_H
| # include <stdint.h>
| #endif
| #ifdef HAVE_UNISTD_H
| # include <unistd.h>
| #endif
| 
| #include <strings.h>
configure:4146: result: no
configure:4146: checking for inttypes.h
configure:4146: arm-elf-gcc -c -g -O2 -mcpu=arm7tdmi -Os -Wextra -Wall -ffreestanding -fsigned-char -ffunction-sections -std=gnu99 -fdata-sections -fomit-frame-pointer -msoft-float -mthumb-interwork  conftest.c >&5
configure:4146: $? = 0
configure:4146: result: yes
configure:4146: checking for stdint.h
configure:4146: arm-elf-gcc -c -g -O2 -mcpu=arm7tdmi -Os -Wextra -Wall -ffreestanding -fsigned-char -ffunction-sections -std=gnu99 -fdata-sections -fomit-frame-pointer -msoft-float -mthumb-interwork  conftest.c >&5
configure:4146: $? = 0
configure:4146: result: yes
configure:4146: checking for unistd.h
configure:4146: arm-elf-gcc -c -g -O2 -mcpu=arm7tdmi -Os -Wextra -Wall -ffreestanding -fsigned-char -ffunction-sections -std=gnu99 -fdata-sections -fomit-frame-pointer -msoft-float -mthumb-interwork  conftest.c >&5
configure:4146: $? = 0
configure:4146: result: yes
configure:4162: checking for stdlib.h
configure:4162: result: yes
configure:4162: checking stdio.h usability
configure:4162: arm-elf-gcc -c -g -O2 -mcpu=arm7tdmi -Os -Wextra -Wall -ffreestanding -fsigned-char -ffunction-sections -std=gnu99 -fdata-sections -fomit-frame-pointer -msoft-float -mthumb-interwork  conftest.c >&5
configure:4162: $? = 0
configure:4162: result: yes
configure:4162: checking stdio.h presence
configure:4162: arm-elf-gcc -E  conftest.c
configure:4162: $? = 0
configure:4162: result: yes
configure:4162: checking for stdio.h
configure:4162: result: yes
configure:4162: checking for string.h
configure:4162: result: yes
configure:4176: checking for sys/types.h
configure:4176: result: yes
configure:4176: checking math.h usability
configure:4176: arm-elf-gcc -c -g -O2 -mcpu=arm7tdmi -Os -Wextra -Wall -ffreestanding -fsigned-char -ffunction-sections -std=gnu99 -fdata-sections -fomit-frame-pointer -msoft-float -mthumb-interwork  conftest.c >&5
configure:4176: $? = 0
configure:4176: result: yes
configure:4176: checking math.h presence
configure:4176: arm-elf-gcc -E  conftest.c
configure:4176: $? = 0
configure:4176: result: yes
configure:4176: checking for math.h
configure:4176: result: yes
configure:4176: checking for inttypes.h
configure:4176: result: yes
configure:4402: checking for python
configure:4420: found /usr/bin/python
configure:4432: result: /usr/bin/python
configure:4472: checking whether arm-elf-gcc accepts -Wall
configure:4488: arm-elf-gcc -c -g -O2 -mcpu=arm7tdmi -Os -Wextra -Wall -ffreestanding -fsigned-char -ffunction-sections -std=gnu99 -fdata-sections -fomit-frame-pointer -msoft-float -mthumb-interwork -Wall  conftest.c >&5
configure:4488: $? = 0
configure:4497: result: yes
configure:4714: ----------------------------------------------------
configure:4716: dispatch-switch : yes
configure:4718: TWOWORD         : no
configure:4720: endian          : little
configure:4722: external bundles: no
configure:4724: FPU             : no
configure:4726: memory allocator: tlsf
configure:4728: memory ops      : custom
configure:4730: memory interface: native
configure:4732: occam-pi support: yes
configure:4734: OS support      : none
configure:4736: profiling       : no
configure:4738: T9000 short ops : no
configure:4740: transputer      : t4
configure:4742: type shadow     : no
configure:4744: word length     : 4
configure:4746: ----------------------------------------------------
configure:4883: creating ./config.status

## ---------------------- ##
## Running config.status. ##
## ---------------------- ##

This file was extended by libtvm config.status 1.0.0, which was
generated by GNU Autoconf 2.64.  Invocation command line was

  CONFIG_FILES    = 
  CONFIG_HEADERS  = 
  CONFIG_LINKS    = 
  CONFIG_COMMANDS = 
  $ ./config.status 

on ubuntu

config.status:881: creating Makefile
config.status:881: creating config.h
config.status:881: creating tvm_config.h
config.status:1094: executing depfiles commands

## ---------------- ##
## Cache variables. ##
## ---------------- ##

ac_cv_build=i686-pc-linux-gnu
ac_cv_c_compiler_gnu=yes
ac_cv_c_inline=inline
ac_cv_env_CC_set=
ac_cv_env_CC_value=
ac_cv_env_CFLAGS_set=set
ac_cv_env_CFLAGS_value='-g -O2 -mcpu=arm7tdmi -Os -Wextra -Wall -ffreestanding -fsigned-char -ffunction-sections -std=gnu99 -fdata-sections -fomit-frame-pointer -msoft-float -mthumb-interwork'
ac_cv_env_CPPFLAGS_set=
ac_cv_env_CPPFLAGS_value=
ac_cv_env_CPP_set=
ac_cv_env_CPP_value=
ac_cv_env_LDFLAGS_set=
ac_cv_env_LDFLAGS_value=
ac_cv_env_LIBS_set=
ac_cv_env_LIBS_value=
ac_cv_env_build_alias_set=
ac_cv_env_build_alias_value=
ac_cv_env_host_alias_set=set
ac_cv_env_host_alias_value=arm-elf
ac_cv_env_target_alias_set=
ac_cv_env_target_alias_value=
ac_cv_header_inttypes_h=yes
ac_cv_header_math_h=yes
ac_cv_header_memory_h=no
ac_cv_header_stdc=yes
ac_cv_header_stdint_h=yes
ac_cv_header_stdio_h=yes
ac_cv_header_stdlib_h=yes
ac_cv_header_string_h=yes
ac_cv_header_strings_h=no
ac_cv_header_sys_stat_h=yes
ac_cv_header_sys_types_h=yes
ac_cv_header_unistd_h=yes
ac_cv_host=arm-unknown-elf
ac_cv_objext=o
ac_cv_path_EGREP='/bin/grep -E'
ac_cv_path_GREP=/bin/grep
ac_cv_path_PYTHON=/usr/bin/python
ac_cv_path_install='/usr/bin/install -c'
ac_cv_path_mkdir=/bin/mkdir
ac_cv_prog_AWK=gawk
ac_cv_prog_CC=arm-elf-gcc
ac_cv_prog_CPP='arm-elf-gcc -E'
ac_cv_prog_RANLIB=arm-elf-ranlib
ac_cv_prog_STRIP=arm-elf-strip
ac_cv_prog_cc_c89=
ac_cv_prog_cc_g=yes
ac_cv_prog_make_make_set=yes
ac_cv_target=arm-unknown-elf
am_cv_CC_dependencies_compiler_type=gcc3

## ----------------- ##
## Output variables. ##
## ----------------- ##

ACLOCAL='${SHELL} /home/dan/kroc/runtime/libtvm/missing --run aclocal-1.11'
AMDEPBACKSLASH='\'
AMDEP_FALSE='#'
AMDEP_TRUE=''
AMTAR='${SHELL} /home/dan/kroc/runtime/libtvm/missing --run tar'
AUTOCONF='${SHELL} /home/dan/kroc/runtime/libtvm/missing --run autoconf'
AUTOHEADER='${SHELL} /home/dan/kroc/runtime/libtvm/missing --run autoheader'
AUTOMAKE='${SHELL} /home/dan/kroc/runtime/libtvm/missing --run automake-1.11'
AWK='gawk'
CC='arm-elf-gcc'
CCDEPMODE='depmode=gcc3'
CFLAGS='-DTVM_INTERNALS -Wall -g -O2 -mcpu=arm7tdmi -Os -Wextra -Wall -ffreestanding -fsigned-char -ffunction-sections -std=gnu99 -fdata-sections -fomit-frame-pointer -msoft-float -mthumb-interwork'
CPP='arm-elf-gcc -E'
CPPFLAGS=''
CYGPATH_W='echo'
DEFS='-DHAVE_CONFIG_H'
DEPDIR='.deps'
ECHO_C=''
ECHO_N='-n'
ECHO_T=''
EGREP='/bin/grep -E'
EXEEXT=''
GREP='/bin/grep'
INSTALL_DATA='${INSTALL} -m 644'
INSTALL_PROGRAM='${INSTALL}'
INSTALL_SCRIPT='${INSTALL}'
INSTALL_STRIP_PROGRAM='$(install_sh) -c -s'
LDFLAGS=''
LIBOBJS=''
LIBS=''
LTLIBOBJS=''
MAKEINFO='${SHELL} /home/dan/kroc/runtime/libtvm/missing --run makeinfo'
MKDIR_P='/bin/mkdir -p'
OBJEXT='o'
PACKAGE='libtvm'
PACKAGE_BUGREPORT='kroc-bugs@kent.ac.uk'
PACKAGE_NAME='libtvm'
PACKAGE_STRING='libtvm 1.0.0'
PACKAGE_TARNAME='libtvm'
PACKAGE_URL=''
PACKAGE_VERSION='1.0.0'
PATH_SEPARATOR=':'
PYTHON='/usr/bin/python'
RANLIB='arm-elf-ranlib'
SET_MAKE=''
SHELL='/bin/bash'
STRIP='arm-elf-strip'
TVM_CFLAGS='-DTVM_INTERNALS -Wall'
TVM_DISPATCH_SWITCH_FALSE='#'
TVM_DISPATCH_SWITCH_TRUE=''
TVM_TLSF_FALSE='#'
TVM_TLSF_TRUE=''
VERSION='1.0.0'
ac_ct_CC=''
am__EXEEXT_FALSE=''
am__EXEEXT_TRUE='#'
am__fastdepCC_FALSE='#'
am__fastdepCC_TRUE=''
am__include='include'
am__isrc=' -I$(srcdir)'
am__leading_dot='.'
am__quote=''
am__tar='${AMTAR} chof - "$$tardir"'
am__untar='${AMTAR} xf -'
bindir='${exec_prefix}/bin'
build='i686-pc-linux-gnu'
build_alias=''
build_cpu='i686'
build_os='linux-gnu'
build_vendor='pc'
datadir='${datarootdir}'
datarootdir='${prefix}/share'
docdir='${datarootdir}/doc/${PACKAGE_TARNAME}'
dvidir='${docdir}'
exec_prefix='${prefix}'
host='arm-unknown-elf'
host_alias='arm-elf'
host_cpu='arm'
host_os='elf'
host_vendor='unknown'
htmldir='${docdir}'
includedir='${prefix}/include'
infodir='${datarootdir}/info'
install_sh='${SHELL} /home/dan/kroc/runtime/libtvm/install-sh'
libdir='${exec_prefix}/lib'
libexecdir='${exec_prefix}/libexec'
localedir='${datarootdir}/locale'
localstatedir='${prefix}/var'
mandir='${datarootdir}/man'
mkdir_p='/bin/mkdir -p'
oldincludedir='/usr/include'
pdfdir='${docdir}'
prefix='/usr/local'
program_transform_name='s,x,x,'
psdir='${docdir}'
sbindir='${exec_prefix}/sbin'
sharedstatedir='${prefix}/com'
sysconfdir='${prefix}/etc'
target='arm-unknown-elf'
target_alias=''
target_cpu='arm'
target_os='elf'
target_vendor='unknown'

## ----------- ##
## confdefs.h. ##
## ----------- ##

/* confdefs.h */
#define PACKAGE_NAME "libtvm"
#define PACKAGE_TARNAME "libtvm"
#define PACKAGE_VERSION "1.0.0"
#define PACKAGE_STRING "libtvm 1.0.0"
#define PACKAGE_BUGREPORT "kroc-bugs@kent.ac.uk"
#define PACKAGE_URL ""
#define PACKAGE "libtvm"
#define VERSION "1.0.0"
#define STDC_HEADERS 1
#define HAVE_SYS_TYPES_H 1
#define HAVE_SYS_STAT_H 1
#define HAVE_STDLIB_H 1
#define HAVE_STRING_H 1
#define HAVE_INTTYPES_H 1
#define HAVE_STDINT_H 1
#define HAVE_UNISTD_H 1
#define HAVE_STDLIB_H 1
#define HAVE_STDIO_H 1
#define HAVE_STRING_H 1
#define HAVE_SYS_TYPES_H 1
#define HAVE_MATH_H 1
#define HAVE_INTTYPES_H 1
#define TVM_DISPATCH_SWITCH 1
#define TVM_LITTLE_ENDIAN 1
#define TVM_USE_INLINE 1
#define TVM_DYNAMIC_MEMORY 1
#define TVM_USE_TLSF 1
#define TVM_CUSTOM_MEM_OPS 1
#define TVM_OCCAM_PI 1
#define TVM_OS_NONE 1
#define TVM_EMULATE_T4 1
#define TVM_WORD_LENGTH 4

configure: exit 0
