This file contains any messages produced by compilers while
running configure, to aid debugging if configure makes a mistake.

It was created by tvm-nxt configure 1.0.0, which was
generated by GNU Autoconf 2.64.  Invocation command line was

  $ ./configure --host=arm-elf --with-nxos-path=nxos/nxos

## --------- ##
## Platform. ##
## --------- ##

hostname = ubuntu
uname -m = i686
uname -r = 2.6.31-14-generic
uname -s = Linux
uname -v = #48-Ubuntu SMP Fri Oct 16 14:04:26 UTC 2009

/usr/bin/uname -p = unknown
/bin/uname -X     = unknown

/bin/arch              = unknown
/usr/bin/arch -k       = unknown
/usr/convex/getsysinfo = unknown
/usr/bin/hostinfo      = unknown
/bin/machine           = unknown
/usr/bin/oslevel       = unknown
/bin/universe          = unknown

PATH: /usr/local/sbin
PATH: /usr/local/bin
PATH: /usr/sbin
PATH: /usr/bin
PATH: /sbin
PATH: /bin
PATH: /usr/games
PATH: /home/dan/mindstorm/scripts/install/bin/
PATH: /usr/local/kroc/bin/


## ----------- ##
## Core tests. ##
## ----------- ##

configure:2044: checking build system type
configure:2058: result: i686-pc-linux-gnu
configure:2078: checking host system type
configure:2091: result: arm-unknown-elf
configure:2111: checking target system type
configure:2124: result: arm-unknown-elf
configure:2168: checking for a BSD-compatible install
configure:2236: result: /usr/bin/install -c
configure:2247: checking whether build environment is sane
configure:2297: result: yes
configure:2346: checking for arm-elf-strip
configure:2362: found /home/dan/mindstorm/scripts/install/bin//arm-elf-strip
configure:2373: result: arm-elf-strip
configure:2438: checking for a thread-safe mkdir -p
configure:2477: result: /bin/mkdir -p
configure:2490: checking for gawk
configure:2506: found /usr/bin/gawk
configure:2517: result: gawk
configure:2528: checking whether make sets $(MAKE)
configure:2550: result: yes
configure:2639: checking for arm-elf-gcc
configure:2655: found /home/dan/mindstorm/scripts/install/bin//arm-elf-gcc
configure:2666: result: arm-elf-gcc
configure:2935: checking for C compiler version
configure:2944: arm-elf-gcc --version >&5
arm-elf-gcc (GCC) 4.4.0
Copyright (C) 2009 Free Software Foundation, Inc.
This is free software; see the source for copying conditions.  There is NO
warranty; not even for MERCHANTABILITY or FITNESS FOR A PARTICULAR PURPOSE.

configure:2955: $? = 0
configure:2944: arm-elf-gcc -v >&5
Using built-in specs.
Target: arm-elf
Configured with: /home/dan/mindstorm/scripts/src/gcc-4.4.0/configure --target=arm-elf --prefix=/home/dan/mindstorm/scripts/install --enable-interwork --enable-multilib --with-float=soft --enable-languages=c --with-newlib --with-headers=/home/dan/mindstorm/scripts/src/newlib-1.17.0/newlib/libc/include : (reconfigured) /home/dan/mindstorm/scripts/src/gcc-4.4.0/configure --target=arm-elf --prefix=/home/dan/mindstorm/scripts/install --enable-interwork --enable-multilib --with-float=soft --enable-languages=c --with-newlib --with-headers=/home/dan/mindstorm/scripts/src/newlib-1.17.0/newlib/libc/include
Thread model: single
gcc version 4.4.0 (GCC) 
configure:2955: $? = 0
configure:2944: arm-elf-gcc -V >&5
arm-elf-gcc: '-V' option must have argument
configure:2955: $? = 1
configure:2944: arm-elf-gcc -qversion >&5
arm-elf-gcc: unrecognized option '-qversion'
arm-elf-gcc: no input files
configure:2955: $? = 1
configure:2977: checking for C compiler default output file name
configure:2999: arm-elf-gcc    conftest.c  >&5
configure:3003: $? = 0
configure:3040: result: a.out
configure:3056: checking whether the C compiler works
configure:3065: ./a.out
./configure: line 3067: ./a.out: cannot execute binary file
configure:3069: $? = 126
configure:3084: result: yes
configure:3091: checking whether we are cross compiling
configure:3093: result: yes
configure:3096: checking for suffix of executables
configure:3103: arm-elf-gcc -o conftest    conftest.c  >&5
configure:3107: $? = 0
configure:3129: result: 
configure:3135: checking for suffix of object files
configure:3157: arm-elf-gcc -c   conftest.c >&5
configure:3161: $? = 0
configure:3182: result: o
configure:3186: checking whether we are using the GNU C compiler
configure:3205: arm-elf-gcc -c   conftest.c >&5
configure:3205: $? = 0
configure:3214: result: yes
configure:3223: checking whether arm-elf-gcc accepts -g
configure:3243: arm-elf-gcc -c -g  conftest.c >&5
configure:3243: $? = 0
configure:3284: result: yes
configure:3301: checking for arm-elf-gcc option to accept ISO C89
configure:3365: arm-elf-gcc  -c -g -O2  conftest.c >&5
configure:3365: $? = 0
configure:3378: result: none needed
configure:3409: checking for style of include used by make
configure:3437: result: GNU
configure:3462: checking dependency style of arm-elf-gcc
configure:3572: result: gcc3
configure:3590: checking for arm-elf-ld
configure:3606: found /home/dan/mindstorm/scripts/install/bin//arm-elf-ld
configure:3617: result: arm-elf-ld
configure:3682: checking for arm-elf-objcopy
configure:3698: found /home/dan/mindstorm/scripts/install/bin//arm-elf-objcopy
configure:3709: result: arm-elf-objcopy
configure:3777: checking how to run the C preprocessor
configure:3808: arm-elf-gcc -E  conftest.c
configure:3808: $? = 0
configure:3822: arm-elf-gcc -E  conftest.c
conftest.c:11:28: error: ac_nonexistent.h: No such file or directory
configure:3822: $? = 1
configure: failed program was:
| /* confdefs.h */
| #define PACKAGE_NAME "tvm-nxt"
| #define PACKAGE_TARNAME "tvm-nxt"
| #define PACKAGE_VERSION "1.0.0"
| #define PACKAGE_STRING "tvm-nxt 1.0.0"
| #define PACKAGE_BUGREPORT "kroc-bugs@kent.ac.uk"
| #define PACKAGE_URL ""
| #define PACKAGE "tvm-nxt"
| #define VERSION "1.0.0"
| /* end confdefs.h.  */
| #include <ac_nonexistent.h>
configure:3847: result: arm-elf-gcc -E
configure:3867: arm-elf-gcc -E  conftest.c
configure:3867: $? = 0
configure:3881: arm-elf-gcc -E  conftest.c
conftest.c:11:28: error: ac_nonexistent.h: No such file or directory
configure:3881: $? = 1
configure: failed program was:
| /* confdefs.h */
| #define PACKAGE_NAME "tvm-nxt"
| #define PACKAGE_TARNAME "tvm-nxt"
| #define PACKAGE_VERSION "1.0.0"
| #define PACKAGE_STRING "tvm-nxt 1.0.0"
| #define PACKAGE_BUGREPORT "kroc-bugs@kent.ac.uk"
| #define PACKAGE_URL ""
| #define PACKAGE "tvm-nxt"
| #define VERSION "1.0.0"
| /* end confdefs.h.  */
| #include <ac_nonexistent.h>
configure:3910: checking for grep that handles long lines and -e
configure:3968: result: /bin/grep
configure:3973: checking for egrep
configure:4035: result: /bin/grep -E
configure:4040: checking for ANSI C header files
configure:4060: arm-elf-gcc -c -g -O2  conftest.c >&5
configure:4060: $? = 0
configure:4144: result: yes
configure:4157: checking for sys/types.h
configure:4157: arm-elf-gcc -c -g -O2  conftest.c >&5
configure:4157: $? = 0
configure:4157: result: yes
configure:4157: checking for sys/stat.h
configure:4157: arm-elf-gcc -c -g -O2  conftest.c >&5
configure:4157: $? = 0
configure:4157: result: yes
configure:4157: checking for stdlib.h
configure:4157: arm-elf-gcc -c -g -O2  conftest.c >&5
configure:4157: $? = 0
configure:4157: result: yes
configure:4157: checking for string.h
configure:4157: arm-elf-gcc -c -g -O2  conftest.c >&5
configure:4157: $? = 0
configure:4157: result: yes
configure:4157: checking for memory.h
configure:4157: arm-elf-gcc -c -g -O2  conftest.c >&5
conftest.c:50:20: error: memory.h: No such file or directory
configure:4157: $? = 1
configure: failed program was:
| /* confdefs.h */
| #define PACKAGE_NAME "tvm-nxt"
| #define PACKAGE_TARNAME "tvm-nxt"
| #define PACKAGE_VERSION "1.0.0"
| #define PACKAGE_STRING "tvm-nxt 1.0.0"
| #define PACKAGE_BUGREPORT "kroc-bugs@kent.ac.uk"
| #define PACKAGE_URL ""
| #define PACKAGE "tvm-nxt"
| #define VERSION "1.0.0"
| #define STDC_HEADERS 1
| #define HAVE_SYS_TYPES_H 1
| #define HAVE_SYS_STAT_H 1
| #define HAVE_STDLIB_H 1
| #define HAVE_STRING_H 1
| /* end confdefs.h.  */
| #include <stdio.h>
| #ifdef HAVE_SYS_TYPES_H
| # include <sys/types.h>
| #endif
| #ifdef HAVE_SYS_STAT_H
| # include <sys/stat.h>
| #endif
| #ifdef STDC_HEADERS
| # include <stdlib.h>
| # include <stddef.h>
| #else
| # ifdef HAVE_STDLIB_H
| #  include <stdlib.h>
| # endif
| #endif
| #ifdef HAVE_STRING_H
| # if !defined STDC_HEADERS && defined HAVE_MEMORY_H
| #  include <memory.h>
| # endif
| # include <string.h>
| #endif
| #ifdef HAVE_STRINGS_H
| # include <strings.h>
| #endif
| #ifdef HAVE_INTTYPES_H
| # include <inttypes.h>
| #endif
| #ifdef HAVE_STDINT_H
| # include <stdint.h>
| #endif
| #ifdef HAVE_UNISTD_H
| # include <unistd.h>
| #endif
| 
| #include <memory.h>
configure:4157: result: no
configure:4157: checking for strings.h
configure:4157: arm-elf-gcc -c -g -O2  conftest.c >&5
conftest.c:50:21: error: strings.h: No such file or directory
configure:4157: $? = 1
configure: failed program was:
| /* confdefs.h */
| #define PACKAGE_NAME "tvm-nxt"
| #define PACKAGE_TARNAME "tvm-nxt"
| #define PACKAGE_VERSION "1.0.0"
| #define PACKAGE_STRING "tvm-nxt 1.0.0"
| #define PACKAGE_BUGREPORT "kroc-bugs@kent.ac.uk"
| #define PACKAGE_URL ""
| #define PACKAGE "tvm-nxt"
| #define VERSION "1.0.0"
| #define STDC_HEADERS 1
| #define HAVE_SYS_TYPES_H 1
| #define HAVE_SYS_STAT_H 1
| #define HAVE_STDLIB_H 1
| #define HAVE_STRING_H 1
| /* end confdefs.h.  */
| #include <stdio.h>
| #ifdef HAVE_SYS_TYPES_H
| # include <sys/types.h>
| #endif
| #ifdef HAVE_SYS_STAT_H
| # include <sys/stat.h>
| #endif
| #ifdef STDC_HEADERS
| # include <stdlib.h>
| # include <stddef.h>
| #else
| # ifdef HAVE_STDLIB_H
| #  include <stdlib.h>
| # endif
| #endif
| #ifdef HAVE_STRING_H
| # if !defined STDC_HEADERS && defined HAVE_MEMORY_H
| #  include <memory.h>
| # endif
| # include <string.h>
| #endif
| #ifdef HAVE_STRINGS_H
| # include <strings.h>
| #endif
| #ifdef HAVE_INTTYPES_H
| # include <inttypes.h>
| #endif
| #ifdef HAVE_STDINT_H
| # include <stdint.h>
| #endif
| #ifdef HAVE_UNISTD_H
| # include <unistd.h>
| #endif
| 
| #include <strings.h>
configure:4157: result: no
configure:4157: checking for inttypes.h
configure:4157: arm-elf-gcc -c -g -O2  conftest.c >&5
configure:4157: $? = 0
configure:4157: result: yes
configure:4157: checking for stdint.h
configure:4157: arm-elf-gcc -c -g -O2  conftest.c >&5
configure:4157: $? = 0
configure:4157: result: yes
configure:4157: checking for unistd.h
configure:4157: arm-elf-gcc -c -g -O2  conftest.c >&5
configure:4157: $? = 0
configure:4157: result: yes
configure:4173: checking stdio.h usability
configure:4173: arm-elf-gcc -c -g -O2  conftest.c >&5
configure:4173: $? = 0
configure:4173: result: yes
configure:4173: checking stdio.h presence
configure:4173: arm-elf-gcc -E  conftest.c
configure:4173: $? = 0
configure:4173: result: yes
configure:4173: checking for stdio.h
configure:4173: result: yes
configure:4173: checking for stdint.h
configure:4173: result: yes
configure:4362: creating ./config.status

## ---------------------- ##
## Running config.status. ##
## ---------------------- ##

This file was extended by tvm-nxt config.status 1.0.0, which was
generated by GNU Autoconf 2.64.  Invocation command line was

  CONFIG_FILES    = 
  CONFIG_HEADERS  = 
  CONFIG_LINKS    = 
  CONFIG_COMMANDS = 
  $ ./config.status 

on ubuntu

config.status:787: creating Makefile
config.status:950: executing depfiles commands

## ---------------- ##
## Cache variables. ##
## ---------------- ##

ac_cv_build=i686-pc-linux-gnu
ac_cv_c_compiler_gnu=yes
ac_cv_env_CC_set=
ac_cv_env_CC_value=
ac_cv_env_CFLAGS_set=
ac_cv_env_CFLAGS_value=
ac_cv_env_CPPFLAGS_set=
ac_cv_env_CPPFLAGS_value=
ac_cv_env_CPP_set=
ac_cv_env_CPP_value=
ac_cv_env_LDFLAGS_set=
ac_cv_env_LDFLAGS_value=
ac_cv_env_LIBS_set=
ac_cv_env_LIBS_value=
ac_cv_env_build_alias_set=
ac_cv_env_build_alias_value=
ac_cv_env_host_alias_set=set
ac_cv_env_host_alias_value=arm-elf
ac_cv_env_target_alias_set=
ac_cv_env_target_alias_value=
ac_cv_header_inttypes_h=yes
ac_cv_header_memory_h=no
ac_cv_header_stdc=yes
ac_cv_header_stdint_h=yes
ac_cv_header_stdio_h=yes
ac_cv_header_stdlib_h=yes
ac_cv_header_string_h=yes
ac_cv_header_strings_h=no
ac_cv_header_sys_stat_h=yes
ac_cv_header_sys_types_h=yes
ac_cv_header_unistd_h=yes
ac_cv_host=arm-unknown-elf
ac_cv_objext=o
ac_cv_path_EGREP='/bin/grep -E'
ac_cv_path_GREP=/bin/grep
ac_cv_path_install='/usr/bin/install -c'
ac_cv_path_mkdir=/bin/mkdir
ac_cv_prog_AWK=gawk
ac_cv_prog_CC=arm-elf-gcc
ac_cv_prog_CPP='arm-elf-gcc -E'
ac_cv_prog_LD=arm-elf-ld
ac_cv_prog_OBJCOPY=arm-elf-objcopy
ac_cv_prog_STRIP=arm-elf-strip
ac_cv_prog_cc_c89=
ac_cv_prog_cc_g=yes
ac_cv_prog_make_make_set=yes
ac_cv_target=arm-unknown-elf
am_cv_CC_dependencies_compiler_type=gcc3

## ----------------- ##
## Output variables. ##
## ----------------- ##

ACLOCAL='${SHELL} /home/dan/kroc/tvm/nxt/missing --run aclocal-1.11'
AMDEPBACKSLASH='\'
AMDEP_FALSE='#'
AMDEP_TRUE=''
AMTAR='${SHELL} /home/dan/kroc/tvm/nxt/missing --run tar'
AUTOCONF='${SHELL} /home/dan/kroc/tvm/nxt/missing --run autoconf'
AUTOHEADER='${SHELL} /home/dan/kroc/tvm/nxt/missing --run autoheader'
AUTOMAKE='${SHELL} /home/dan/kroc/tvm/nxt/missing --run automake-1.11'
AWK='gawk'
CC='arm-elf-gcc'
CCDEPMODE='depmode=gcc3'
CFLAGS='-g -O2 -mcpu=arm7tdmi -Os -Wextra -Wall -ffreestanding -fsigned-char -ffunction-sections -std=gnu99 -fdata-sections -fomit-frame-pointer -msoft-float -mthumb-interwork'
CPP='arm-elf-gcc -E'
CPPFLAGS=' "-Inxos/nxos"'
CYGPATH_W='echo'
DEFS='-DPACKAGE_NAME=\"tvm-nxt\" -DPACKAGE_TARNAME=\"tvm-nxt\" -DPACKAGE_VERSION=\"1.0.0\" -DPACKAGE_STRING=\"tvm-nxt\ 1.0.0\" -DPACKAGE_BUGREPORT=\"kroc-bugs@kent.ac.uk\" -DPACKAGE_URL=\"\" -DPACKAGE=\"tvm-nxt\" -DVERSION=\"1.0.0\" -DSTDC_HEADERS=1 -DHAVE_SYS_TYPES_H=1 -DHAVE_SYS_STAT_H=1 -DHAVE_STDLIB_H=1 -DHAVE_STRING_H=1 -DHAVE_INTTYPES_H=1 -DHAVE_STDINT_H=1 -DHAVE_UNISTD_H=1 -DHAVE_STDIO_H=1 -DHAVE_STDINT_H=1'
DEPDIR='.deps'
ECHO_C=''
ECHO_N='-n'
ECHO_T=''
EGREP='/bin/grep -E'
EXEEXT=''
GREP='/bin/grep'
INSTALL_DATA='${INSTALL} -m 644'
INSTALL_PROGRAM='${INSTALL}'
INSTALL_SCRIPT='${INSTALL}'
INSTALL_STRIP_PROGRAM='$(install_sh) -c -s'
LD='arm-elf-ld'
LDFLAGS=' "-Lnxos/nxos"'
LIBGCC='/home/dan/mindstorm/scripts/install/lib/gcc/arm-elf/4.4.0/interwork/libgcc.a'
LIBOBJS=''
LIBS=''
LTLIBOBJS=''
MAKEINFO='${SHELL} /home/dan/kroc/tvm/nxt/missing --run makeinfo'
MKDIR_P='/bin/mkdir -p'
NXOS_PATH='nxos/nxos'
OBJCOPY='arm-elf-objcopy'
OBJEXT='o'
PACKAGE='tvm-nxt'
PACKAGE_BUGREPORT='kroc-bugs@kent.ac.uk'
PACKAGE_NAME='tvm-nxt'
PACKAGE_STRING='tvm-nxt 1.0.0'
PACKAGE_TARNAME='tvm-nxt'
PACKAGE_URL=''
PACKAGE_VERSION='1.0.0'
PATH_SEPARATOR=':'
SET_MAKE=''
SHELL='/bin/bash'
STRIP='arm-elf-strip'
VERSION='1.0.0'
ac_ct_CC=''
am__EXEEXT_FALSE=''
am__EXEEXT_TRUE='#'
am__fastdepCC_FALSE='#'
am__fastdepCC_TRUE=''
am__include='include'
am__isrc=''
am__leading_dot='.'
am__quote=''
am__tar='${AMTAR} chof - "$$tardir"'
am__untar='${AMTAR} xf -'
bindir='${exec_prefix}/bin'
build='i686-pc-linux-gnu'
build_alias=''
build_cpu='i686'
build_os='linux-gnu'
build_vendor='pc'
datadir='${datarootdir}'
datarootdir='${prefix}/share'
docdir='${datarootdir}/doc/${PACKAGE_TARNAME}'
dvidir='${docdir}'
exec_prefix='${prefix}'
host='arm-unknown-elf'
host_alias='arm-elf'
host_cpu='arm'
host_os='elf'
host_vendor='unknown'
htmldir='${docdir}'
includedir='${prefix}/include'
infodir='${datarootdir}/info'
install_sh='${SHELL} /home/dan/kroc/tvm/nxt/install-sh'
libdir='${exec_prefix}/lib'
libexecdir='${exec_prefix}/libexec'
localedir='${datarootdir}/locale'
localstatedir='${prefix}/var'
mandir='${datarootdir}/man'
mkdir_p='/bin/mkdir -p'
oldincludedir='/usr/include'
pdfdir='${docdir}'
prefix='/usr/local'
program_transform_name='s,x,x,'
psdir='${docdir}'
sbindir='${exec_prefix}/sbin'
sharedstatedir='${prefix}/com'
sysconfdir='${prefix}/etc'
target='arm-unknown-elf'
target_alias=''
target_cpu='arm'
target_os='elf'
target_vendor='unknown'

## ----------- ##
## confdefs.h. ##
## ----------- ##

/* confdefs.h */
#define PACKAGE_NAME "tvm-nxt"
#define PACKAGE_TARNAME "tvm-nxt"
#define PACKAGE_VERSION "1.0.0"
#define PACKAGE_STRING "tvm-nxt 1.0.0"
#define PACKAGE_BUGREPORT "kroc-bugs@kent.ac.uk"
#define PACKAGE_URL ""
#define PACKAGE "tvm-nxt"
#define VERSION "1.0.0"
#define STDC_HEADERS 1
#define HAVE_SYS_TYPES_H 1
#define HAVE_SYS_STAT_H 1
#define HAVE_STDLIB_H 1
#define HAVE_STRING_H 1
#define HAVE_INTTYPES_H 1
#define HAVE_STDINT_H 1
#define HAVE_UNISTD_H 1
#define HAVE_STDIO_H 1
#define HAVE_STDINT_H 1

configure: exit 0
